[01m[K/home/oem/catkin_ws/src/drone_test/src/star_detection.cpp:[m[K In function â€˜[01m[Kvoid depthCallback(const ConstPtr&)[m[Kâ€™:
[01m[K/home/oem/catkin_ws/src/drone_test/src/star_detection.cpp:32:5:[m[K [01;31m[Kerror: [m[Kâ€˜[01m[Krate[m[Kâ€™ was not declared in this scope
   32 |     [01;31m[Krate[m[K.sleep();
      |     [01;31m[K^~~~[m[K
make[2]: *** [CMakeFiles/star_detection.dir/build.make:63ï¼šCMakeFiles/star_detection.dir/src/star_detection.cpp.o] é”™è¯¯ 1
make[1]: *** [CMakeFiles/Makefile2:505ï¼šCMakeFiles/star_detection.dir/all] é”™è¯¯ 2
make: *** [Makefile:141ï¼šall] é”™è¯¯ 2
