[01m[K/home/oem/catkin_ws/src/drone_test/src/serial_port.cpp:[m[K In function â€˜[01m[Kint main(int, char**)[m[Kâ€™:
[01m[K/home/oem/catkin_ws/src/drone_test/src/serial_port.cpp:48:13:[m[K [01;31m[Kerror: [m[Kâ€˜[01m[Kread_pub[m[Kâ€™ was not declared in this scope; did you mean â€˜[01m[Kread_port[m[Kâ€™?
   48 |             [01;31m[Kread_pub[m[K.publish(result);
      |             [01;31m[K^~~~~~~~[m[K
      |             [32m[Kread_port[m[K
[01m[K/home/oem/catkin_ws/src/drone_test/src/serial_port.cpp:52:9:[m[K [01;31m[Kerror: [m[Kâ€˜[01m[Kr[m[Kâ€™ was not declared in this scope
   52 |         [01;31m[Kr[m[K.sleep();
      |         [01;31m[K^[m[K
make[2]: *** [CMakeFiles/serial_port.dir/build.make:63ï¼šCMakeFiles/serial_port.dir/src/serial_port.cpp.o] é”™è¯¯ 1
make[1]: *** [CMakeFiles/Makefile2:306ï¼šCMakeFiles/serial_port.dir/all] é”™è¯¯ 2
make: *** [Makefile:141ï¼šall] é”™è¯¯ 2
