[01m[K/home/oem/catkin_ws/src/drone_test/src/yyy_drone.cpp:[m[K In function â€˜[01m[Kint main(int, char**)[m[Kâ€™:
[01m[K/home/oem/catkin_ws/src/drone_test/src/yyy_drone.cpp:354:13:[m[K [01;31m[Kerror: [m[Kâ€˜[01m[Kset_speed_enu[m[Kâ€™ was not declared in this scope; did you mean â€˜[01m[Kset_speed_body[m[Kâ€™?
  354 |             [01;31m[Kset_speed_enu[m[K(0.2, -0.2, 0.0, 0.0);
      |             [01;31m[K^~~~~~~~~~~~~[m[K
      |             [32m[Kset_speed_body[m[K
make[2]: *** [CMakeFiles/yyy_drone.dir/build.make:63ï¼šCMakeFiles/yyy_drone.dir/src/yyy_drone.cpp.o] é”™è¯¯ 1
make[1]: *** [CMakeFiles/Makefile2:303ï¼šCMakeFiles/yyy_drone.dir/all] é”™è¯¯ 2
make: *** [Makefile:141ï¼šall] é”™è¯¯ 2
