[01m[K/home/oem/catkin_ws/src/drone_test/src/star_detection.cpp:[m[K In function â€˜[01m[Kvoid processImage()[m[Kâ€™:
[01m[K/home/oem/catkin_ws/src/drone_test/src/star_detection.cpp:104:17:[m[K [01;31m[Kerror: [m[Kâ€˜[01m[KlinesP[m[Kâ€™ was not declared in this scope; did you mean â€˜[01m[Klines[m[Kâ€™?
  104 |         cout << [01;31m[KlinesP[m[K.size() << endl;
      |                 [01;31m[K^~~~~~[m[K
      |                 [32m[Klines[m[K
make[2]: *** [CMakeFiles/star_detection.dir/build.make:63ï¼šCMakeFiles/star_detection.dir/src/star_detection.cpp.o] é”™è¯¯ 1
make[1]: *** [CMakeFiles/Makefile2:505ï¼šCMakeFiles/star_detection.dir/all] é”™è¯¯ 2
make: *** [Makefile:141ï¼šall] é”™è¯¯ 2
